<?xml version="1.0" encoding="UTF-8"?>
<testsuite xmlns:xsi="http://www.w3.org/2001/XMLSchema-instance" xsi:noNamespaceSchemaLocation="https://maven.apache.org/surefire/maven-surefire-plugin/xsd/surefire-test-report-3.0.xsd" version="3.0" name="com.collab.gateway.config.CorsConfigTest" time="0.318" tests="4" errors="0" skipped="0" failures="0">
  <properties>
    <property name="java.specification.version" value="17"/>
    <property name="sun.jnu.encoding" value="UTF-8"/>
    <property name="java.class.path" value="/home/utkarsh/Desktop/RCOP/collab-editing-system/api-gateway/target/test-classes:/home/utkarsh/Desktop/RCOP/collab-editing-system/api-gateway/target/classes:/home/utkarsh/.m2/repository/org/springframework/cloud/spring-cloud-starter-gateway/4.1.4/spring-cloud-starter-gateway-4.1.4.jar:/home/utkarsh/.m2/repository/org/springframework/cloud/spring-cloud-starter/4.1.3/spring-cloud-starter-4.1.3.jar:/home/utkarsh/.m2/repository/org/springframework/cloud/spring-cloud-context/4.1.3/spring-cloud-context-4.1.3.jar:/home/utkarsh/.m2/repository/org/springframework/security/spring-security-crypto/6.2.3/spring-security-crypto-6.2.3.jar:/home/utkarsh/.m2/repository/org/springframework/cloud/spring-cloud-commons/4.1.3/spring-cloud-commons-4.1.3.jar:/home/utkarsh/.m2/repository/org/springframework/security/spring-security-rsa/1.1.3/spring-security-rsa-1.1.3.jar:/home/utkarsh/.m2/repository/org/bouncycastle/bcprov-jdk18on/1.78/bcprov-jdk18on-1.78.jar:/home/utkarsh/.m2/repository/org/springframework/cloud/spring-cloud-gateway-server/4.1.4/spring-cloud-gateway-server-4.1.4.jar:/home/utkarsh/.m2/repository/org/springframework/boot/spring-boot-starter-validation/3.2.4/spring-boot-starter-validation-3.2.4.jar:/home/utkarsh/.m2/repository/org/apache/tomcat/embed/tomcat-embed-el/10.1.19/tomcat-embed-el-10.1.19.jar:/home/utkarsh/.m2/repository/org/hibernate/validator/hibernate-validator/8.0.1.Final/hibernate-validator-8.0.1.Final.jar:/home/utkarsh/.m2/repository/jakarta/validation/jakarta.validation-api/3.0.2/jakarta.validation-api-3.0.2.jar:/home/utkarsh/.m2/repository/org/jboss/logging/jboss-logging/3.5.3.Final/jboss-logging-3.5.3.Final.jar:/home/utkarsh/.m2/repository/com/fasterxml/classmate/1.6.0/classmate-1.6.0.jar:/home/utkarsh/.m2/repository/io/projectreactor/addons/reactor-extra/3.5.1/reactor-extra-3.5.1.jar:/home/utkarsh/.m2/repository/io/projectreactor/reactor-core/3.6.4/reactor-core-3.6.4.jar:/home/utkarsh/.m2/repository/org/reactivestreams/reactive-streams/1.0.4/reactive-streams-1.0.4.jar:/home/utkarsh/.m2/repository/org/springframework/boot/spring-boot-starter-webflux/3.2.4/spring-boot-starter-webflux-3.2.4.jar:/home/utkarsh/.m2/repository/org/springframework/boot/spring-boot-starter-json/3.2.4/spring-boot-starter-json-3.2.4.jar:/home/utkarsh/.m2/repository/com/fasterxml/jackson/core/jackson-databind/2.15.4/jackson-databind-2.15.4.jar:/home/utkarsh/.m2/repository/com/fasterxml/jackson/core/jackson-annotations/2.15.4/jackson-annotations-2.15.4.jar:/home/utkarsh/.m2/repository/com/fasterxml/jackson/core/jackson-core/2.15.4/jackson-core-2.15.4.jar:/home/utkarsh/.m2/repository/com/fasterxml/jackson/datatype/jackson-datatype-jdk8/2.15.4/jackson-datatype-jdk8-2.15.4.jar:/home/utkarsh/.m2/repository/com/fasterxml/jackson/datatype/jackson-datatype-jsr310/2.15.4/jackson-datatype-jsr310-2.15.4.jar:/home/utkarsh/.m2/repository/com/fasterxml/jackson/module/jackson-module-parameter-names/2.15.4/jackson-module-parameter-names-2.15.4.jar:/home/utkarsh/.m2/repository/org/springframework/boot/spring-boot-starter-reactor-netty/3.2.4/spring-boot-starter-reactor-netty-3.2.4.jar:/home/utkarsh/.m2/repository/io/projectreactor/netty/reactor-netty-http/1.1.17/reactor-netty-http-1.1.17.jar:/home/utkarsh/.m2/repository/io/netty/netty-codec-http/4.1.107.Final/netty-codec-http-4.1.107.Final.jar:/home/utkarsh/.m2/repository/io/netty/netty-common/4.1.107.Final/netty-common-4.1.107.Final.jar:/home/utkarsh/.m2/repository/io/netty/netty-buffer/4.1.107.Final/netty-buffer-4.1.107.Final.jar:/home/utkarsh/.m2/repository/io/netty/netty-transport/4.1.107.Final/netty-transport-4.1.107.Final.jar:/home/utkarsh/.m2/repository/io/netty/netty-codec/4.1.107.Final/netty-codec-4.1.107.Final.jar:/home/utkarsh/.m2/repository/io/netty/netty-handler/4.1.107.Final/netty-handler-4.1.107.Final.jar:/home/utkarsh/.m2/repository/io/netty/netty-codec-http2/4.1.107.Final/netty-codec-http2-4.1.107.Final.jar:/home/utkarsh/.m2/repository/io/netty/netty-resolver-dns/4.1.107.Final/netty-resolver-dns-4.1.107.Final.jar:/home/utkarsh/.m2/repository/io/netty/netty-resolver/4.1.107.Final/netty-resolver-4.1.107.Final.jar:/home/utkarsh/.m2/repository/io/netty/netty-codec-dns/4.1.107.Final/netty-codec-dns-4.1.107.Final.jar:/home/utkarsh/.m2/repository/io/netty/netty-resolver-dns-native-macos/4.1.107.Final/netty-resolver-dns-native-macos-4.1.107.Final-osx-x86_64.jar:/home/utkarsh/.m2/repository/io/netty/netty-resolver-dns-classes-macos/4.1.107.Final/netty-resolver-dns-classes-macos-4.1.107.Final.jar:/home/utkarsh/.m2/repository/io/netty/netty-transport-native-epoll/4.1.107.Final/netty-transport-native-epoll-4.1.107.Final-linux-x86_64.jar:/home/utkarsh/.m2/repository/io/netty/netty-transport-native-unix-common/4.1.107.Final/netty-transport-native-unix-common-4.1.107.Final.jar:/home/utkarsh/.m2/repository/io/netty/netty-transport-classes-epoll/4.1.107.Final/netty-transport-classes-epoll-4.1.107.Final.jar:/home/utkarsh/.m2/repository/io/projectreactor/netty/reactor-netty-core/1.1.17/reactor-netty-core-1.1.17.jar:/home/utkarsh/.m2/repository/io/netty/netty-handler-proxy/4.1.107.Final/netty-handler-proxy-4.1.107.Final.jar:/home/utkarsh/.m2/repository/io/netty/netty-codec-socks/4.1.107.Final/netty-codec-socks-4.1.107.Final.jar:/home/utkarsh/.m2/repository/org/springframework/spring-web/6.1.5/spring-web-6.1.5.jar:/home/utkarsh/.m2/repository/org/springframework/spring-beans/6.1.5/spring-beans-6.1.5.jar:/home/utkarsh/.m2/repository/io/micrometer/micrometer-observation/1.12.4/micrometer-observation-1.12.4.jar:/home/utkarsh/.m2/repository/io/micrometer/micrometer-commons/1.12.4/micrometer-commons-1.12.4.jar:/home/utkarsh/.m2/repository/org/springframework/spring-webflux/6.1.5/spring-webflux-6.1.5.jar:/home/utkarsh/.m2/repository/org/springframework/boot/spring-boot-starter-test/3.2.4/spring-boot-starter-test-3.2.4.jar:/home/utkarsh/.m2/repository/org/springframework/boot/spring-boot-starter/3.2.4/spring-boot-starter-3.2.4.jar:/home/utkarsh/.m2/repository/org/springframework/boot/spring-boot/3.2.4/spring-boot-3.2.4.jar:/home/utkarsh/.m2/repository/org/springframework/spring-context/6.1.5/spring-context-6.1.5.jar:/home/utkarsh/.m2/repository/org/springframework/spring-aop/6.1.5/spring-aop-6.1.5.jar:/home/utkarsh/.m2/repository/org/springframework/spring-expression/6.1.5/spring-expression-6.1.5.jar:/home/utkarsh/.m2/repository/org/springframework/boot/spring-boot-autoconfigure/3.2.4/spring-boot-autoconfigure-3.2.4.jar:/home/utkarsh/.m2/repository/org/springframework/boot/spring-boot-starter-logging/3.2.4/spring-boot-starter-logging-3.2.4.jar:/home/utkarsh/.m2/repository/ch/qos/logback/logback-classic/1.4.14/logback-classic-1.4.14.jar:/home/utkarsh/.m2/repository/ch/qos/logback/logback-core/1.4.14/logback-core-1.4.14.jar:/home/utkarsh/.m2/repository/org/apache/logging/log4j/log4j-to-slf4j/2.21.1/log4j-to-slf4j-2.21.1.jar:/home/utkarsh/.m2/repository/org/apache/logging/log4j/log4j-api/2.21.1/log4j-api-2.21.1.jar:/home/utkarsh/.m2/repository/org/slf4j/jul-to-slf4j/2.0.12/jul-to-slf4j-2.0.12.jar:/home/utkarsh/.m2/repository/jakarta/annotation/jakarta.annotation-api/2.1.1/jakarta.annotation-api-2.1.1.jar:/home/utkarsh/.m2/repository/org/yaml/snakeyaml/2.2/snakeyaml-2.2.jar:/home/utkarsh/.m2/repository/org/springframework/boot/spring-boot-test/3.2.4/spring-boot-test-3.2.4.jar:/home/utkarsh/.m2/repository/org/springframework/boot/spring-boot-test-autoconfigure/3.2.4/spring-boot-test-autoconfigure-3.2.4.jar:/home/utkarsh/.m2/repository/com/jayway/jsonpath/json-path/2.9.0/json-path-2.9.0.jar:/home/utkarsh/.m2/repository/org/slf4j/slf4j-api/2.0.12/slf4j-api-2.0.12.jar:/home/utkarsh/.m2/repository/jakarta/xml/bind/jakarta.xml.bind-api/4.0.2/jakarta.xml.bind-api-4.0.2.jar:/home/utkarsh/.m2/repository/jakarta/activation/jakarta.activation-api/2.1.3/jakarta.activation-api-2.1.3.jar:/home/utkarsh/.m2/repository/net/minidev/json-smart/2.5.0/json-smart-2.5.0.jar:/home/utkarsh/.m2/repository/net/minidev/accessors-smart/2.5.0/accessors-smart-2.5.0.jar:/home/utkarsh/.m2/repository/org/ow2/asm/asm/9.3/asm-9.3.jar:/home/utkarsh/.m2/repository/org/assertj/assertj-core/3.24.2/assertj-core-3.24.2.jar:/home/utkarsh/.m2/repository/net/bytebuddy/byte-buddy/1.14.12/byte-buddy-1.14.12.jar:/home/utkarsh/.m2/repository/org/awaitility/awaitility/4.2.0/awaitility-4.2.0.jar:/home/utkarsh/.m2/repository/org/hamcrest/hamcrest/2.2/hamcrest-2.2.jar:/home/utkarsh/.m2/repository/org/junit/jupiter/junit-jupiter/5.10.2/junit-jupiter-5.10.2.jar:/home/utkarsh/.m2/repository/org/junit/jupiter/junit-jupiter-api/5.10.2/junit-jupiter-api-5.10.2.jar:/home/utkarsh/.m2/repository/org/opentest4j/opentest4j/1.3.0/opentest4j-1.3.0.jar:/home/utkarsh/.m2/repository/org/junit/platform/junit-platform-commons/1.10.2/junit-platform-commons-1.10.2.jar:/home/utkarsh/.m2/repository/org/apiguardian/apiguardian-api/1.1.2/apiguardian-api-1.1.2.jar:/home/utkarsh/.m2/repository/org/junit/jupiter/junit-jupiter-params/5.10.2/junit-jupiter-params-5.10.2.jar:/home/utkarsh/.m2/repository/org/junit/jupiter/junit-jupiter-engine/5.10.2/junit-jupiter-engine-5.10.2.jar:/home/utkarsh/.m2/repository/org/junit/platform/junit-platform-engine/1.10.2/junit-platform-engine-1.10.2.jar:/home/utkarsh/.m2/repository/org/mockito/mockito-core/5.7.0/mockito-core-5.7.0.jar:/home/utkarsh/.m2/repository/net/bytebuddy/byte-buddy-agent/1.14.12/byte-buddy-agent-1.14.12.jar:/home/utkarsh/.m2/repository/org/objenesis/objenesis/3.3/objenesis-3.3.jar:/home/utkarsh/.m2/repository/org/mockito/mockito-junit-jupiter/5.7.0/mockito-junit-jupiter-5.7.0.jar:/home/utkarsh/.m2/repository/org/skyscreamer/jsonassert/1.5.1/jsonassert-1.5.1.jar:/home/utkarsh/.m2/repository/com/vaadin/external/google/android-json/0.0.20131108.vaadin1/android-json-0.0.20131108.vaadin1.jar:/home/utkarsh/.m2/repository/org/springframework/spring-core/6.1.5/spring-core-6.1.5.jar:/home/utkarsh/.m2/repository/org/springframework/spring-jcl/6.1.5/spring-jcl-6.1.5.jar:/home/utkarsh/.m2/repository/org/springframework/spring-test/6.1.5/spring-test-6.1.5.jar:/home/utkarsh/.m2/repository/org/xmlunit/xmlunit-core/2.9.1/xmlunit-core-2.9.1.jar:"/>
    <property name="java.vm.vendor" value="Ubuntu"/>
    <property name="sun.arch.data.model" value="64"/>
    <property name="java.vendor.url" value="https://ubuntu.com/"/>
    <property name="user.timezone" value="Asia/Kolkata"/>
    <property name="org.jboss.logging.provider" value="slf4j"/>
    <property name="os.name" value="Linux"/>
    <property name="java.vm.specification.version" value="17"/>
    <property name="sun.java.launcher" value="SUN_STANDARD"/>
    <property name="user.country" value="US"/>
    <property name="sun.boot.library.path" value="/usr/lib/jvm/java-17-openjdk-amd64/lib"/>
    <property name="sun.java.command" value="/home/utkarsh/Desktop/RCOP/collab-editing-system/api-gateway/target/surefire/surefirebooter-20250809175708987_3.jar /home/utkarsh/Desktop/RCOP/collab-editing-system/api-gateway/target/surefire 2025-08-09T17-57-08_943-jvmRun1 surefire-20250809175708987_1tmp surefire_0-20250809175708987_2tmp"/>
    <property name="jdk.debug" value="release"/>
    <property name="surefire.test.class.path" value="/home/utkarsh/Desktop/RCOP/collab-editing-system/api-gateway/target/test-classes:/home/utkarsh/Desktop/RCOP/collab-editing-system/api-gateway/target/classes:/home/utkarsh/.m2/repository/org/springframework/cloud/spring-cloud-starter-gateway/4.1.4/spring-cloud-starter-gateway-4.1.4.jar:/home/utkarsh/.m2/repository/org/springframework/cloud/spring-cloud-starter/4.1.3/spring-cloud-starter-4.1.3.jar:/home/utkarsh/.m2/repository/org/springframework/cloud/spring-cloud-context/4.1.3/spring-cloud-context-4.1.3.jar:/home/utkarsh/.m2/repository/org/springframework/security/spring-security-crypto/6.2.3/spring-security-crypto-6.2.3.jar:/home/utkarsh/.m2/repository/org/springframework/cloud/spring-cloud-commons/4.1.3/spring-cloud-commons-4.1.3.jar:/home/utkarsh/.m2/repository/org/springframework/security/spring-security-rsa/1.1.3/spring-security-rsa-1.1.3.jar:/home/utkarsh/.m2/repository/org/bouncycastle/bcprov-jdk18on/1.78/bcprov-jdk18on-1.78.jar:/home/utkarsh/.m2/repository/org/springframework/cloud/spring-cloud-gateway-server/4.1.4/spring-cloud-gateway-server-4.1.4.jar:/home/utkarsh/.m2/repository/org/springframework/boot/spring-boot-starter-validation/3.2.4/spring-boot-starter-validation-3.2.4.jar:/home/utkarsh/.m2/repository/org/apache/tomcat/embed/tomcat-embed-el/10.1.19/tomcat-embed-el-10.1.19.jar:/home/utkarsh/.m2/repository/org/hibernate/validator/hibernate-validator/8.0.1.Final/hibernate-validator-8.0.1.Final.jar:/home/utkarsh/.m2/repository/jakarta/validation/jakarta.validation-api/3.0.2/jakarta.validation-api-3.0.2.jar:/home/utkarsh/.m2/repository/org/jboss/logging/jboss-logging/3.5.3.Final/jboss-logging-3.5.3.Final.jar:/home/utkarsh/.m2/repository/com/fasterxml/classmate/1.6.0/classmate-1.6.0.jar:/home/utkarsh/.m2/repository/io/projectreactor/addons/reactor-extra/3.5.1/reactor-extra-3.5.1.jar:/home/utkarsh/.m2/repository/io/projectreactor/reactor-core/3.6.4/reactor-core-3.6.4.jar:/home/utkarsh/.m2/repository/org/reactivestreams/reactive-streams/1.0.4/reactive-streams-1.0.4.jar:/home/utkarsh/.m2/repository/org/springframework/boot/spring-boot-starter-webflux/3.2.4/spring-boot-starter-webflux-3.2.4.jar:/home/utkarsh/.m2/repository/org/springframework/boot/spring-boot-starter-json/3.2.4/spring-boot-starter-json-3.2.4.jar:/home/utkarsh/.m2/repository/com/fasterxml/jackson/core/jackson-databind/2.15.4/jackson-databind-2.15.4.jar:/home/utkarsh/.m2/repository/com/fasterxml/jackson/core/jackson-annotations/2.15.4/jackson-annotations-2.15.4.jar:/home/utkarsh/.m2/repository/com/fasterxml/jackson/core/jackson-core/2.15.4/jackson-core-2.15.4.jar:/home/utkarsh/.m2/repository/com/fasterxml/jackson/datatype/jackson-datatype-jdk8/2.15.4/jackson-datatype-jdk8-2.15.4.jar:/home/utkarsh/.m2/repository/com/fasterxml/jackson/datatype/jackson-datatype-jsr310/2.15.4/jackson-datatype-jsr310-2.15.4.jar:/home/utkarsh/.m2/repository/com/fasterxml/jackson/module/jackson-module-parameter-names/2.15.4/jackson-module-parameter-names-2.15.4.jar:/home/utkarsh/.m2/repository/org/springframework/boot/spring-boot-starter-reactor-netty/3.2.4/spring-boot-starter-reactor-netty-3.2.4.jar:/home/utkarsh/.m2/repository/io/projectreactor/netty/reactor-netty-http/1.1.17/reactor-netty-http-1.1.17.jar:/home/utkarsh/.m2/repository/io/netty/netty-codec-http/4.1.107.Final/netty-codec-http-4.1.107.Final.jar:/home/utkarsh/.m2/repository/io/netty/netty-common/4.1.107.Final/netty-common-4.1.107.Final.jar:/home/utkarsh/.m2/repository/io/netty/netty-buffer/4.1.107.Final/netty-buffer-4.1.107.Final.jar:/home/utkarsh/.m2/repository/io/netty/netty-transport/4.1.107.Final/netty-transport-4.1.107.Final.jar:/home/utkarsh/.m2/repository/io/netty/netty-codec/4.1.107.Final/netty-codec-4.1.107.Final.jar:/home/utkarsh/.m2/repository/io/netty/netty-handler/4.1.107.Final/netty-handler-4.1.107.Final.jar:/home/utkarsh/.m2/repository/io/netty/netty-codec-http2/4.1.107.Final/netty-codec-http2-4.1.107.Final.jar:/home/utkarsh/.m2/repository/io/netty/netty-resolver-dns/4.1.107.Final/netty-resolver-dns-4.1.107.Final.jar:/home/utkarsh/.m2/repository/io/netty/netty-resolver/4.1.107.Final/netty-resolver-4.1.107.Final.jar:/home/utkarsh/.m2/repository/io/netty/netty-codec-dns/4.1.107.Final/netty-codec-dns-4.1.107.Final.jar:/home/utkarsh/.m2/repository/io/netty/netty-resolver-dns-native-macos/4.1.107.Final/netty-resolver-dns-native-macos-4.1.107.Final-osx-x86_64.jar:/home/utkarsh/.m2/repository/io/netty/netty-resolver-dns-classes-macos/4.1.107.Final/netty-resolver-dns-classes-macos-4.1.107.Final.jar:/home/utkarsh/.m2/repository/io/netty/netty-transport-native-epoll/4.1.107.Final/netty-transport-native-epoll-4.1.107.Final-linux-x86_64.jar:/home/utkarsh/.m2/repository/io/netty/netty-transport-native-unix-common/4.1.107.Final/netty-transport-native-unix-common-4.1.107.Final.jar:/home/utkarsh/.m2/repository/io/netty/netty-transport-classes-epoll/4.1.107.Final/netty-transport-classes-epoll-4.1.107.Final.jar:/home/utkarsh/.m2/repository/io/projectreactor/netty/reactor-netty-core/1.1.17/reactor-netty-core-1.1.17.jar:/home/utkarsh/.m2/repository/io/netty/netty-handler-proxy/4.1.107.Final/netty-handler-proxy-4.1.107.Final.jar:/home/utkarsh/.m2/repository/io/netty/netty-codec-socks/4.1.107.Final/netty-codec-socks-4.1.107.Final.jar:/home/utkarsh/.m2/repository/org/springframework/spring-web/6.1.5/spring-web-6.1.5.jar:/home/utkarsh/.m2/repository/org/springframework/spring-beans/6.1.5/spring-beans-6.1.5.jar:/home/utkarsh/.m2/repository/io/micrometer/micrometer-observation/1.12.4/micrometer-observation-1.12.4.jar:/home/utkarsh/.m2/repository/io/micrometer/micrometer-commons/1.12.4/micrometer-commons-1.12.4.jar:/home/utkarsh/.m2/repository/org/springframework/spring-webflux/6.1.5/spring-webflux-6.1.5.jar:/home/utkarsh/.m2/repository/org/springframework/boot/spring-boot-starter-test/3.2.4/spring-boot-starter-test-3.2.4.jar:/home/utkarsh/.m2/repository/org/springframework/boot/spring-boot-starter/3.2.4/spring-boot-starter-3.2.4.jar:/home/utkarsh/.m2/repository/org/springframework/boot/spring-boot/3.2.4/spring-boot-3.2.4.jar:/home/utkarsh/.m2/repository/org/springframework/spring-context/6.1.5/spring-context-6.1.5.jar:/home/utkarsh/.m2/repository/org/springframework/spring-aop/6.1.5/spring-aop-6.1.5.jar:/home/utkarsh/.m2/repository/org/springframework/spring-expression/6.1.5/spring-expression-6.1.5.jar:/home/utkarsh/.m2/repository/org/springframework/boot/spring-boot-autoconfigure/3.2.4/spring-boot-autoconfigure-3.2.4.jar:/home/utkarsh/.m2/repository/org/springframework/boot/spring-boot-starter-logging/3.2.4/spring-boot-starter-logging-3.2.4.jar:/home/utkarsh/.m2/repository/ch/qos/logback/logback-classic/1.4.14/logback-classic-1.4.14.jar:/home/utkarsh/.m2/repository/ch/qos/logback/logback-core/1.4.14/logback-core-1.4.14.jar:/home/utkarsh/.m2/repository/org/apache/logging/log4j/log4j-to-slf4j/2.21.1/log4j-to-slf4j-2.21.1.jar:/home/utkarsh/.m2/repository/org/apache/logging/log4j/log4j-api/2.21.1/log4j-api-2.21.1.jar:/home/utkarsh/.m2/repository/org/slf4j/jul-to-slf4j/2.0.12/jul-to-slf4j-2.0.12.jar:/home/utkarsh/.m2/repository/jakarta/annotation/jakarta.annotation-api/2.1.1/jakarta.annotation-api-2.1.1.jar:/home/utkarsh/.m2/repository/org/yaml/snakeyaml/2.2/snakeyaml-2.2.jar:/home/utkarsh/.m2/repository/org/springframework/boot/spring-boot-test/3.2.4/spring-boot-test-3.2.4.jar:/home/utkarsh/.m2/repository/org/springframework/boot/spring-boot-test-autoconfigure/3.2.4/spring-boot-test-autoconfigure-3.2.4.jar:/home/utkarsh/.m2/repository/com/jayway/jsonpath/json-path/2.9.0/json-path-2.9.0.jar:/home/utkarsh/.m2/repository/org/slf4j/slf4j-api/2.0.12/slf4j-api-2.0.12.jar:/home/utkarsh/.m2/repository/jakarta/xml/bind/jakarta.xml.bind-api/4.0.2/jakarta.xml.bind-api-4.0.2.jar:/home/utkarsh/.m2/repository/jakarta/activation/jakarta.activation-api/2.1.3/jakarta.activation-api-2.1.3.jar:/home/utkarsh/.m2/repository/net/minidev/json-smart/2.5.0/json-smart-2.5.0.jar:/home/utkarsh/.m2/repository/net/minidev/accessors-smart/2.5.0/accessors-smart-2.5.0.jar:/home/utkarsh/.m2/repository/org/ow2/asm/asm/9.3/asm-9.3.jar:/home/utkarsh/.m2/repository/org/assertj/assertj-core/3.24.2/assertj-core-3.24.2.jar:/home/utkarsh/.m2/repository/net/bytebuddy/byte-buddy/1.14.12/byte-buddy-1.14.12.jar:/home/utkarsh/.m2/repository/org/awaitility/awaitility/4.2.0/awaitility-4.2.0.jar:/home/utkarsh/.m2/repository/org/hamcrest/hamcrest/2.2/hamcrest-2.2.jar:/home/utkarsh/.m2/repository/org/junit/jupiter/junit-jupiter/5.10.2/junit-jupiter-5.10.2.jar:/home/utkarsh/.m2/repository/org/junit/jupiter/junit-jupiter-api/5.10.2/junit-jupiter-api-5.10.2.jar:/home/utkarsh/.m2/repository/org/opentest4j/opentest4j/1.3.0/opentest4j-1.3.0.jar:/home/utkarsh/.m2/repository/org/junit/platform/junit-platform-commons/1.10.2/junit-platform-commons-1.10.2.jar:/home/utkarsh/.m2/repository/org/apiguardian/apiguardian-api/1.1.2/apiguardian-api-1.1.2.jar:/home/utkarsh/.m2/repository/org/junit/jupiter/junit-jupiter-params/5.10.2/junit-jupiter-params-5.10.2.jar:/home/utkarsh/.m2/repository/org/junit/jupiter/junit-jupiter-engine/5.10.2/junit-jupiter-engine-5.10.2.jar:/home/utkarsh/.m2/repository/org/junit/platform/junit-platform-engine/1.10.2/junit-platform-engine-1.10.2.jar:/home/utkarsh/.m2/repository/org/mockito/mockito-core/5.7.0/mockito-core-5.7.0.jar:/home/utkarsh/.m2/repository/net/bytebuddy/byte-buddy-agent/1.14.12/byte-buddy-agent-1.14.12.jar:/home/utkarsh/.m2/repository/org/objenesis/objenesis/3.3/objenesis-3.3.jar:/home/utkarsh/.m2/repository/org/mockito/mockito-junit-jupiter/5.7.0/mockito-junit-jupiter-5.7.0.jar:/home/utkarsh/.m2/repository/org/skyscreamer/jsonassert/1.5.1/jsonassert-1.5.1.jar:/home/utkarsh/.m2/repository/com/vaadin/external/google/android-json/0.0.20131108.vaadin1/android-json-0.0.20131108.vaadin1.jar:/home/utkarsh/.m2/repository/org/springframework/spring-core/6.1.5/spring-core-6.1.5.jar:/home/utkarsh/.m2/repository/org/springframework/spring-jcl/6.1.5/spring-jcl-6.1.5.jar:/home/utkarsh/.m2/repository/org/springframework/spring-test/6.1.5/spring-test-6.1.5.jar:/home/utkarsh/.m2/repository/org/xmlunit/xmlunit-core/2.9.1/xmlunit-core-2.9.1.jar:"/>
    <property name="sun.cpu.endian" value="little"/>
    <property name="user.home" value="/home/utkarsh"/>
    <property name="user.language" value="en"/>
    <property name="java.specification.vendor" value="Oracle Corporation"/>
    <property name="java.version.date" value="2025-04-15"/>
    <property name="java.home" value="/usr/lib/jvm/java-17-openjdk-amd64"/>
    <property name="file.separator" value="/"/>
    <property name="basedir" value="/home/utkarsh/Desktop/RCOP/collab-editing-system/api-gateway"/>
    <property name="java.vm.compressedOopsMode" value="Zero based"/>
    <property name="line.separator" value="&#10;"/>
    <property name="java.specification.name" value="Java Platform API Specification"/>
    <property name="java.vm.specification.vendor" value="Oracle Corporation"/>
    <property name="FILE_LOG_CHARSET" value="UTF-8"/>
    <property name="java.awt.headless" value="true"/>
    <property name="surefire.real.class.path" value="/home/utkarsh/Desktop/RCOP/collab-editing-system/api-gateway/target/surefire/surefirebooter-20250809175708987_3.jar"/>
    <property name="sun.management.compiler" value="HotSpot 64-Bit Tiered Compilers"/>
    <property name="java.runtime.version" value="17.0.15+6-Ubuntu-0ubuntu122.04"/>
    <property name="user.name" value="utkarsh"/>
    <property name="path.separator" value=":"/>
    <property name="os.version" value="6.12.10-76061203-generic"/>
    <property name="java.runtime.name" value="OpenJDK Runtime Environment"/>
    <property name="file.encoding" value="UTF-8"/>
    <property name="java.vm.name" value="OpenJDK 64-Bit Server VM"/>
    <property name="localRepository" value="/home/utkarsh/.m2/repository"/>
    <property name="java.vendor.url.bug" value="https://bugs.launchpad.net/ubuntu/+source/openjdk-17"/>
    <property name="java.io.tmpdir" value="/tmp"/>
    <property name="java.version" value="17.0.15"/>
    <property name="user.dir" value="/home/utkarsh/Desktop/RCOP/collab-editing-system/api-gateway"/>
    <property name="os.arch" value="amd64"/>
    <property name="java.vm.specification.name" value="Java Virtual Machine Specification"/>
    <property name="PID" value="18271"/>
    <property name="CONSOLE_LOG_CHARSET" value="UTF-8"/>
    <property name="native.encoding" value="UTF-8"/>
    <property name="java.library.path" value="/usr/java/packages/lib:/usr/lib/x86_64-linux-gnu/jni:/lib/x86_64-linux-gnu:/usr/lib/x86_64-linux-gnu:/usr/lib/jni:/lib:/usr/lib"/>
    <property name="java.vm.info" value="mixed mode, sharing"/>
    <property name="java.vendor" value="Ubuntu"/>
    <property name="java.vm.version" value="17.0.15+6-Ubuntu-0ubuntu122.04"/>
    <property name="java.specification.maintenance.version" value="1"/>
    <property name="sun.io.unicode.encoding" value="UnicodeLittle"/>
    <property name="java.class.version" value="61.0"/>
  </properties>
  <testcase name="corsConfigBeanIsRegistered" classname="com.collab.gateway.config.CorsConfigTest" time="0.022">
    <system-out><![CDATA[2025-08-09T17:57:11.037+05:30  INFO 18271 --- [           main] t.c.s.AnnotationConfigContextLoaderUtils : Could not detect default configuration classes for test class [com.collab.gateway.config.CorsConfigTest]: CorsConfigTest does not declare any static, non-private, non-final, nested classes annotated with @Configuration.
2025-08-09T17:57:11.043+05:30  INFO 18271 --- [           main] .b.t.c.SpringBootTestContextBootstrapper : Found @SpringBootConfiguration com.collab.gateway.ApiGatewayApplication for test class com.collab.gateway.config.CorsConfigTest

  .   ____          _            __ _ _
 /\\ / ___'_ __ _ _(_)_ __  __ _ \ \ \ \
( ( )\___ | '_ | '_| | '_ \/ _` | \ \ \ \
 \\/  ___)| |_)| | | | | || (_| |  ) ) ) )
  '  |____| .__|_| |_|_| |_\__, | / / / /
 =========|_|==============|___/=/_/_/_/
 :: Spring Boot ::                (v3.2.4)

2025-08-09T17:57:11.128+05:30  INFO 18271 --- [           main] c.collab.gateway.config.CorsConfigTest   : Starting CorsConfigTest using Java 17.0.15 with PID 18271 (started by utkarsh in /home/utkarsh/Desktop/RCOP/collab-editing-system/api-gateway)
2025-08-09T17:57:11.128+05:30  INFO 18271 --- [           main] c.collab.gateway.config.CorsConfigTest   : No active profile set, falling back to 1 default profile: "default"
2025-08-09T17:57:11.201+05:30  INFO 18271 --- [           main] o.s.cloud.context.scope.GenericScope     : BeanFactory id=5485ecb2-7148-3f5a-92f7-c2c79e53c5a2
2025-08-09T17:57:11.276+05:30  INFO 18271 --- [           main] o.s.c.g.r.RouteDefinitionRouteLocator    : Loaded RoutePredicateFactory [After]
2025-08-09T17:57:11.277+05:30  INFO 18271 --- [           main] o.s.c.g.r.RouteDefinitionRouteLocator    : Loaded RoutePredicateFactory [Before]
2025-08-09T17:57:11.277+05:30  INFO 18271 --- [           main] o.s.c.g.r.RouteDefinitionRouteLocator    : Loaded RoutePredicateFactory [Between]
2025-08-09T17:57:11.277+05:30  INFO 18271 --- [           main] o.s.c.g.r.RouteDefinitionRouteLocator    : Loaded RoutePredicateFactory [Cookie]
2025-08-09T17:57:11.277+05:30  INFO 18271 --- [           main] o.s.c.g.r.RouteDefinitionRouteLocator    : Loaded RoutePredicateFactory [Header]
2025-08-09T17:57:11.277+05:30  INFO 18271 --- [           main] o.s.c.g.r.RouteDefinitionRouteLocator    : Loaded RoutePredicateFactory [Host]
2025-08-09T17:57:11.277+05:30  INFO 18271 --- [           main] o.s.c.g.r.RouteDefinitionRouteLocator    : Loaded RoutePredicateFactory [Method]
2025-08-09T17:57:11.277+05:30  INFO 18271 --- [           main] o.s.c.g.r.RouteDefinitionRouteLocator    : Loaded RoutePredicateFactory [Path]
2025-08-09T17:57:11.277+05:30  INFO 18271 --- [           main] o.s.c.g.r.RouteDefinitionRouteLocator    : Loaded RoutePredicateFactory [Query]
2025-08-09T17:57:11.277+05:30  INFO 18271 --- [           main] o.s.c.g.r.RouteDefinitionRouteLocator    : Loaded RoutePredicateFactory [ReadBody]
2025-08-09T17:57:11.277+05:30  INFO 18271 --- [           main] o.s.c.g.r.RouteDefinitionRouteLocator    : Loaded RoutePredicateFactory [RemoteAddr]
2025-08-09T17:57:11.277+05:30  INFO 18271 --- [           main] o.s.c.g.r.RouteDefinitionRouteLocator    : Loaded RoutePredicateFactory [XForwardedRemoteAddr]
2025-08-09T17:57:11.277+05:30  INFO 18271 --- [           main] o.s.c.g.r.RouteDefinitionRouteLocator    : Loaded RoutePredicateFactory [Weight]
2025-08-09T17:57:11.277+05:30  INFO 18271 --- [           main] o.s.c.g.r.RouteDefinitionRouteLocator    : Loaded RoutePredicateFactory [CloudFoundryRouteService]
2025-08-09T17:57:11.324+05:30  INFO 18271 --- [           main] c.collab.gateway.config.CorsConfigTest   : Started CorsConfigTest in 0.277 seconds (process running for 2.305)
]]></system-out>
  </testcase>
  <testcase name="corsWebFilterBeanIsRegistered" classname="com.collab.gateway.config.CorsConfigTest" time="0.001"/>
  <testcase name="corsWebFilterIsNotNull" classname="com.collab.gateway.config.CorsConfigTest" time="0.002"/>
  <testcase name="corsConfigurationBeanExists" classname="com.collab.gateway.config.CorsConfigTest" time="0.001"/>
</testsuite>